Created YOLOv11 dataset structure at: yolo_dataset
🚀 Starting complete YOLOv11 preprocessing pipeline...
============================================================

📁 Step 1: Converting CARLA dataset to YOLOv11 format...
Converting CARLA dataset to YOLOv11 format...
Loading CARLA dataset...
Loaded 1000 samples for day
Loaded 1000 samples for night
Loaded 1000 samples for rain
Loaded 1000 samples for fog
Total samples to convert: 4000

Processing train split (2400 samples)...
Converting train: 100%|██████████████████████████████████████████████████████████████████████████████████████████████████████████████████████████████| 2400/2400 [00:01<00:00, 1305.07it/s]

Processing val split (800 samples)...
Converting val: 100%|██████████████████████████████████████████████████████████████████████████████████████████████████████████████████████████████████| 800/800 [00:00<00:00, 1197.24it/s]

Processing test split (800 samples)...
Converting test: 100%|█████████████████████████████████████████████████████████████████████████████████████████████████████████████████████████████████| 800/800 [00:00<00:00, 1221.46it/s]
Created dataset configuration: yolo_dataset/dataset.yaml
Generated conversion report: yolo_dataset/analysis/conversion_report.md

✅ Dataset conversion completed!
📊 Total images: 4000
🏷️  Total annotations: 19137
⚠️  Annotation issues: 0

✅ Step 2: Validating converted dataset...
Validating converted dataset...
Validation report saved: yolo_dataset/analysis/validation_report.md
⚠️  Dataset validation found 277 issues:
  - empty_labels: 277

📊 Step 3: Generating dataset statistics...
Generating dataset visualizations...
Dataset statistics plot saved: yolo_dataset/analysis/dataset_statistics.png

🖼️  Step 4: Creating sample visualizations...
Creating sample visualizations (10 samples)...
Sample visualizations saved in: yolo_dataset/analysis/samples

🔄 Step 5: Setting up augmentation pipeline...
/home/vision/Poulaei/Carla/.venv/lib/python3.10/site-packages/albumentations/core/validation.py:114: UserWarning: ShiftScaleRotate is a special case of Affine transform. Please use Affine transform instead.
  original_init(self, **validated_kwargs)
/home/vision/Poulaei/Carla/yolo_data_preprocessor_3.py:490: UserWarning: Argument(s) 'var_limit' are not valid for transform GaussNoise
  A.GaussNoise(var_limit=(10, 50), p=0.2),
Augmentation pipeline configuration saved: yolo_dataset/augmentation_config.yaml

🏋️  Step 6: Generating training script...
Training script generated: yolo_dataset/train_yolo.py
Requirements file generated: yolo_dataset/requirements.txt

============================================================
🎉 PREPROCESSING COMPLETED SUCCESSFULLY!
============================================================

📋 SUMMARY:
   • Dataset location: yolo_dataset
   • Total images: 4,000
   • Total annotations: 19,137
   • Classes: 4 (car, bus, pedestrian, traffic_light)
   • Validation: ⚠️  277 issues found (see validation report)

📁 Generated Files:
   • Dataset config: dataset.yaml
   • Training script: train_yolo.py
   • Requirements: requirements.txt
   • Analysis reports: analysis/
   • Sample visualizations: analysis/samples/

🚀 Next Steps:
   1. Review validation report if issues were found
   2. Install requirements: pip install -r requirements.txt
   3. Start training: python train_yolo.py
   4. Monitor training progress in the generated project folder

🎉 Preprocessing completed successfully!