Training YOLOv11 on dataset: /home/vision/Poulaei/Carla/yolo_dataset
Classes: ['car', 'bus', 'pedestrian', 'traffic_light']
Number of classes: 4
Starting training...
WARNING ⚠️ 'label_smoothing' is deprecated and will be removed in in the future.
WARNING ⚠️ 'save_hybrid' is deprecated and will be removed in in the future.
Ultralytics 8.3.152 🚀 Python-3.10.12 torch-2.7.1+cu118 CUDA:0 (NVIDIA GeForce RTX 3060, 12037MiB)
engine/trainer: agnostic_nms=False, amp=True, augment=False, auto_augment=randaugment, batch=16, bgr=0.0, box=7.5, cache=False, cfg=None, classes=None, close_mosaic=10, cls=0.5, conf=0.001, copy_paste=0.0, copy_paste_mode=flip, cos_lr=False, cutmix=0.0, data=yolo_dataset/dataset.yaml, degrees=0.0, deterministic=True, device=0, dfl=1.5, dnn=False, dropout=0.0, dynamic=False, embed=None, epochs=50, erasing=0.4, exist_ok=False, fliplr=0.0, flipud=0.0, format=torchscript, fraction=1.0, freeze=None, half=False, hsv_h=0.0, hsv_s=0.0, hsv_v=0.0, imgsz=512, int8=False, iou=0.6, keras=False, kobj=2.0, line_width=None, lr0=0.01, lrf=0.01, mask_ratio=4, max_det=300, mixup=0.0, mode=train, model=yolo11m-seg.pt, momentum=0.937, mosaic=0.0, multi_scale=False, name=carla_segmentation_medium2, nbs=64, nms=False, opset=None, optimize=False, optimizer=AdamW, overlap_mask=True, patience=100, perspective=0.0, plots=True, pose=12.0, pretrained=True, profile=False, project=carla_yolo_training_result, rect=False, resume=False, retina_masks=False, save=True, save_conf=False, save_crop=False, save_dir=carla_yolo_training_result/carla_segmentation_medium2, save_frames=False, save_json=True, save_period=10, save_txt=False, scale=0.0, seed=0, shear=0.0, show=False, show_boxes=True, show_conf=True, show_labels=True, simplify=True, single_cls=False, source=None, split=val, stream_buffer=False, task=segment, time=None, tracker=botsort.yaml, translate=0.0, val=True, verbose=True, vid_stride=1, visualize=False, warmup_bias_lr=0.1, warmup_epochs=3, warmup_momentum=0.8, weight_decay=0.0005, workers=8, workspace=None
Overriding model.yaml nc=80 with nc=4

                   from  n    params  module                                       arguments                     
  0                  -1  1      1856  ultralytics.nn.modules.conv.Conv             [3, 64, 3, 2]                 
  1                  -1  1     73984  ultralytics.nn.modules.conv.Conv             [64, 128, 3, 2]               
  2                  -1  1    111872  ultralytics.nn.modules.block.C3k2            [128, 256, 1, True, 0.25]     
  3                  -1  1    590336  ultralytics.nn.modules.conv.Conv             [256, 256, 3, 2]              
  4                  -1  1    444928  ultralytics.nn.modules.block.C3k2            [256, 512, 1, True, 0.25]     
  5                  -1  1   2360320  ultralytics.nn.modules.conv.Conv             [512, 512, 3, 2]              
  6                  -1  1   1380352  ultralytics.nn.modules.block.C3k2            [512, 512, 1, True]           
  7                  -1  1   2360320  ultralytics.nn.modules.conv.Conv             [512, 512, 3, 2]              
  8                  -1  1   1380352  ultralytics.nn.modules.block.C3k2            [512, 512, 1, True]           
  9                  -1  1    656896  ultralytics.nn.modules.block.SPPF            [512, 512, 5]                 
 10                  -1  1    990976  ultralytics.nn.modules.block.C2PSA           [512, 512, 1]                 
 11                  -1  1         0  torch.nn.modules.upsampling.Upsample         [None, 2, 'nearest']          
 12             [-1, 6]  1         0  ultralytics.nn.modules.conv.Concat           [1]                           
 13                  -1  1   1642496  ultralytics.nn.modules.block.C3k2            [1024, 512, 1, True]          
 14                  -1  1         0  torch.nn.modules.upsampling.Upsample         [None, 2, 'nearest']          
 15             [-1, 4]  1         0  ultralytics.nn.modules.conv.Concat           [1]                           
 16                  -1  1    542720  ultralytics.nn.modules.block.C3k2            [1024, 256, 1, True]          
 17                  -1  1    590336  ultralytics.nn.modules.conv.Conv             [256, 256, 3, 2]              
 18            [-1, 13]  1         0  ultralytics.nn.modules.conv.Concat           [1]                           
 19                  -1  1   1511424  ultralytics.nn.modules.block.C3k2            [768, 512, 1, True]           
 20                  -1  1   2360320  ultralytics.nn.modules.conv.Conv             [512, 512, 3, 2]              
 21            [-1, 10]  1         0  ultralytics.nn.modules.conv.Concat           [1]                           
 22                  -1  1   1642496  ultralytics.nn.modules.block.C3k2            [1024, 512, 1, True]          
 23        [16, 19, 22]  1   3720316  ultralytics.nn.modules.head.Segment          [4, 32, 256, [256, 512, 512]] 
YOLO11m-seg summary: 253 layers, 22,362,300 parameters, 22,362,284 gradients, 123.6 GFLOPs

Transferred 705/711 items from pretrained weights
Freezing layer 'model.23.dfl.conv.weight'
AMP: running Automatic Mixed Precision (AMP) checks...
AMP: checks passed ✅
train: Fast image access ✅ (ping: 0.0±0.0 ms, read: 5038.4±644.3 MB/s, size: 317.7 KB)
train: Scanning /home/vision/Poulaei/Carla/yolo_dataset/train/labels.cache... 2400 images, 153 backgrounds, 0 corrupt: 100%|██████████| 2400/2400 [00:00<?, ?it/s]
albumentations: Blur(p=0.01, blur_limit=(3, 7)), MedianBlur(p=0.01, blur_limit=(3, 7)), ToGray(p=0.01, method='weighted_average', num_output_channels=3), CLAHE(p=0.01, clip_limit=(1.0, 4.0), tile_grid_size=(8, 8))
val: Fast image access ✅ (ping: 0.0±0.0 ms, read: 3272.8±1533.0 MB/s, size: 268.8 KB)
val: Scanning /home/vision/Poulaei/Carla/yolo_dataset/val/labels.cache... 800 images, 67 backgrounds, 0 corrupt: 100%|██████████| 800/800 [00:00<?, ?it/s]
Plotting labels to carla_yolo_training_result/carla_segmentation_medium2/labels.jpg... 
optimizer: AdamW(lr=0.01, momentum=0.937) with parameter groups 115 weight(decay=0.0), 126 weight(decay=0.0005), 125 bias(decay=0.0)
Image sizes 512 train, 512 val
Using 8 dataloader workers
Logging results to carla_yolo_training_result/carla_segmentation_medium2
Starting training for 50 epochs...